C51 COMPILER V9.60.7.0   MAIN                                                              02/21/2025 19:13:25 PAGE 1   


C51 COMPILER V9.60.7.0, COMPILATION OF MODULE MAIN
OBJECT MODULE PLACED IN .\Objects\main.obj
COMPILER INVOKED BY: D:\Keil_v5\C51\BIN\C51.EXE ..\USER\main.c OPTIMIZE(8,SPEED) BROWSE DEBUG OBJECTEXTEND PRINT(.\Listi
                    -ngs\main.lst) TABS(2) OBJECT(.\Objects\main.obj)

line level    source

   1          ///////////////////////////////////////////////////////////////////////////////////////////////////////
   2          //// Copyright (C) 2024 Gowin semiconductor Corporation                                            ////
   3          ////                                                                                               ////
   4          //// This source file may be used and distributed without restriction provided that this           ////
   5          //// copyright statement is not removed from the file and that any derivative work contains        ////
   6          //// the original copyright notice and the associated disclaimer.                                  ////
   7          ////                                                                                               ////
   8          //// This source file is free software; you can redistribute it and/or modify it under the terms   ////
   9          //// of the GNU Lesser General Public License as published by the Free Software                    ////
  10          //// Foundation; either version 2.1 of the License, or (at your option) any later version.         ////
  11          ////                                                                                               ////
  12          //// This source is distributed in the hope that it will be useful, but WITHOUT ANY                ////
  13          //// WARRANTY; without even the implied warranty of MERCHANTABILITY or                             ////
  14          //// FITNESS FOR A PARTICULAR PURPOSE. See the GNU Lesser General Public License for more details. ////
  15          ////                                                                                               ////
  16          //// You should have received a copy of the GNU Lesser General Public License along with           ////
  17          //// this source; if not, download it from http://www.opencores.org/lgpl.shtml                     ////
  18          ///////////////////////////////////////////////////////////////////////////////////////////////////////
  19          
  20          #include <reg51.h>
  21          
  22          void main()
  23          {
  24   1        unsigned int i;
  25   1        unsigned int k;
  26   1        
  27   1        while(1)
  28   1        {
  29   2          for(i=0;i<4;i++)
  30   2          {
  31   3            k=50000;
  32   3            P0=(0x01<<i);
  33   3            while(k--);
  34   3          }
  35   2        }
  36   1      }


MODULE INFORMATION:   STATIC OVERLAYABLE
   CODE SIZE        =     45    ----
   CONSTANT SIZE    =   ----    ----
   XDATA SIZE       =   ----    ----
   PDATA SIZE       =   ----    ----
   DATA SIZE        =   ----    ----
   IDATA SIZE       =   ----    ----
   BIT SIZE         =   ----    ----
END OF MODULE INFORMATION.


C51 COMPILATION COMPLETE.  0 WARNING(S),  0 ERROR(S)
