Reading netlist file: "C:\Users\AAA\Downloads\Gowin_OC8051_V1.0\Gowin_OC8051_V1.0\ref_design\FPGA_RefDesign\DK_START_GW5A25_V2.0\oc8051\impl\gwsynthesis\oc8051.vg"
Parsing netlist file "C:\Users\AAA\Downloads\Gowin_OC8051_V1.0\Gowin_OC8051_V1.0\ref_design\FPGA_RefDesign\DK_START_GW5A25_V2.0\oc8051\impl\gwsynthesis\oc8051.vg" completed
Processing netlist completed
Reading constraint file: "C:\Users\AAA\Downloads\Gowin_OC8051_V1.0\Gowin_OC8051_V1.0\ref_design\FPGA_RefDesign\DK_START_GW5A25_V2.0\oc8051\src\oc8051.cst"
Physical Constraint parsed completed
Running placement......
[10%] Placement Phase 0 completed
[20%] Placement Phase 1 completed
[30%] Placement Phase 2 completed
[50%] Placement Phase 3 completed
Running routing......
[60%] Routing Phase 0 completed
[70%] Routing Phase 1 completed
[80%] Routing Phase 2 completed
WARN  (PR1014) : Generic routing resource will be used to clock signal 'clkin_d' by the specified constraint. And then it may lead to the excessive delay or skew
[90%] Routing Phase 3 completed
Running timing analysis......
[95%] Timing analysis completed
Placement and routing completed
Bitstream generation in progress......
Bitstream generation completed
Running power analysis......
[100%] Power analysis completed
Generate file "C:\Users\AAA\Downloads\Gowin_OC8051_V1.0\Gowin_OC8051_V1.0\ref_design\FPGA_RefDesign\DK_START_GW5A25_V2.0\oc8051\impl\pnr\oc8051.power.html" completed
Generate file "C:\Users\AAA\Downloads\Gowin_OC8051_V1.0\Gowin_OC8051_V1.0\ref_design\FPGA_RefDesign\DK_START_GW5A25_V2.0\oc8051\impl\pnr\oc8051.pin.html" completed
Generate file "C:\Users\AAA\Downloads\Gowin_OC8051_V1.0\Gowin_OC8051_V1.0\ref_design\FPGA_RefDesign\DK_START_GW5A25_V2.0\oc8051\impl\pnr\oc8051.rpt.html" completed
Generate file "C:\Users\AAA\Downloads\Gowin_OC8051_V1.0\Gowin_OC8051_V1.0\ref_design\FPGA_RefDesign\DK_START_GW5A25_V2.0\oc8051\impl\pnr\oc8051.rpt.txt" completed
Generate file "C:\Users\AAA\Downloads\Gowin_OC8051_V1.0\Gowin_OC8051_V1.0\ref_design\FPGA_RefDesign\DK_START_GW5A25_V2.0\oc8051\impl\pnr\oc8051.tr.html" completed
Fri Feb 21 21:43:58 2025

